This is pdfTeX, Version 3.1415926-2.5-1.40.14 (TeX Live 2013) (format=.Atomic_Nucleus 2014.4.13)  13 APR 2014 17:57
entering extended mode
 restricted \write18 enabled.
 %&-line parsing enabled.
**&.Atomic_Nucleus "./.Atomic_Nucleus.tex"
(./.Atomic_Nucleus.tex
LaTeX2e <2011/06/27>
Babel <3.9f> and hyphenation patterns for 78 languages loaded.
(./.Atomic_Nucleus.aux)
\openout1 = `.Atomic_Nucleus.aux'.

LaTeX Font Info:    Checking defaults for OML/cmm/m/it on input line 45.
LaTeX Font Info:    ... okay on input line 45.
LaTeX Font Info:    Checking defaults for T1/cmr/m/n on input line 45.
LaTeX Font Info:    ... okay on input line 45.
LaTeX Font Info:    Checking defaults for OT1/cmr/m/n on input line 45.
LaTeX Font Info:    ... okay on input line 45.
LaTeX Font Info:    Checking defaults for OMS/cmsy/m/n on input line 45.
LaTeX Font Info:    ... okay on input line 45.
LaTeX Font Info:    Checking defaults for OMX/cmex/m/n on input line 45.
LaTeX Font Info:    ... okay on input line 45.
LaTeX Font Info:    Checking defaults for U/cmr/m/n on input line 45.
LaTeX Font Info:    ... okay on input line 45.
LaTeX Font Info:    Checking defaults for PD1/pdf/m/n on input line 45.
LaTeX Font Info:    ... okay on input line 45.
LaTeX Font Info:    Checking defaults for PU/pdf/m/n on input line 45.
LaTeX Font Info:    ... okay on input line 45.
(/usr/local/texlive/2013/texmf-dist/tex/context/base/supp-pdf.mkii
[Loading MPS to PDF converter (version 2006.09.02).]
\scratchcounter=\count119
\scratchdimen=\dimen134
\scratchbox=\box28
\nofMPsegments=\count120
\nofMParguments=\count121
\everyMPshowfont=\toks22
\MPscratchCnt=\count122
\MPscratchDim=\dimen135
\MPnumerator=\count123
\makeMPintoPDFobject=\count124
\everyMPtoPDFconversion=\toks23
) (/usr/local/texlive/2013/texmf-dist/tex/latex/oberdiek/epstopdf-base.sty
Package: epstopdf-base 2010/02/09 v2.5 Base part for package epstopdf
(/usr/local/texlive/2013/texmf-dist/tex/latex/oberdiek/grfext.sty
Package: grfext 2010/08/19 v1.1 Manage graphics extensions (HO)
)
Package grfext Info: Graphics extension search list:
(grfext)             [.png,.pdf,.jpg,.mps,.jpeg,.jbig2,.jb2,.PNG,.PDF,.JPG,.JPE
G,.JBIG2,.JB2,.eps]
(grfext)             \AppendGraphicsExtensions on input line 452.
(/usr/local/texlive/2013/texmf-dist/tex/latex/latexconfig/epstopdf-sys.cfg
File: epstopdf-sys.cfg 2010/07/13 v1.3 Configuration of (r)epstopdf for TeX Liv
e
))
\AtBeginShipoutBox=\box29
Package hyperref Info: Link coloring ON on input line 45.
(/usr/local/texlive/2013/texmf-dist/tex/latex/hyperref/nameref.sty
Package: nameref 2012/10/27 v2.43 Cross-referencing by name of section
(/usr/local/texlive/2013/texmf-dist/tex/generic/oberdiek/gettitlestring.sty
Package: gettitlestring 2010/12/03 v1.4 Cleanup title references (HO)
)
\c@section@level=\count125
)
LaTeX Info: Redefining \ref on input line 45.
LaTeX Info: Redefining \pageref on input line 45.
LaTeX Info: Redefining \nameref on input line 45.
(./.Atomic_Nucleus.out) (./.Atomic_Nucleus.out)
\@outlinefile=\write3
\openout3 = `.Atomic_Nucleus.out'.

(./Sections/title_page_1.tex [1{/usr/local/texlive/2013/texmf-var/fonts/map/pdf
tex/updmap/pdftex.map}]) (./.Atomic_Nucleus.toc)
\tf@toc=\write4
\openout4 = `.Atomic_Nucleus.toc'.

[1] (./Sections/Introduction.tex) (./Sections/Theory.tex <./Figures/betabi210.p
df, id=49, 381.03647pt x 278.15889pt>
File: ./Figures/betabi210.pdf Graphic file (type pdf)
<use ./Figures/betabi210.pdf>
Package pdftex.def Info: ./Figures/betabi210.pdf used on input line 16.
(pdftex.def)             Requested size: 226.48395pt x 165.33469pt.
<./Figures/137CsDecayScheme.png, id=52, 587.19376pt x 200.75pt>
File: ./Figures/137CsDecayScheme.png Graphic file (type png)
<use ./Figures/137CsDecayScheme.png>
Package pdftex.def Info: ./Figures/137CsDecayScheme.png used on input line 23.
(pdftex.def)             Requested size: 407.66833pt x 139.37227pt.
[2 <./Figures/betabi210.pdf>] <Figures/90SrDecay.png, id=89, 574.145pt x 220.82
5pt>
File: Figures/90SrDecay.png Graphic file (type png)
<use Figures/90SrDecay.png>
Package pdftex.def Info: Figures/90SrDecay.png used on input line 34.
(pdftex.def)             Requested size: 407.66833pt x 156.80031pt.
<Figures/90YDecay.png, id=90, 657.45625pt x 250.9375pt>
File: Figures/90YDecay.png Graphic file (type png)
<use Figures/90YDecay.png>
Package pdftex.def Info: Figures/90YDecay.png used on input line 39.
(pdftex.def)             Requested size: 407.66833pt x 155.6026pt.
) (./Sections/Experimental_Setup.tex [3 <./Figures/137CsDecayScheme.png> <./Fig
ures/90SrDecay.png>]) (./Sections/Experimental_Method.tex [4 <./Figures/90YDeca
y.png>]) (./Sections/Results.tex
Package epstopdf Info: Source file: <Figures/aluminumShiftsPlot.eps>
(epstopdf)                    date: 2014-04-12 18:10:28
(epstopdf)                    size: 452413 bytes
(epstopdf)             Output file: <Figures/aluminumShiftsPlot-eps-converted-t
o.pdf>
(epstopdf)                    date: 2014-04-12 18:10:28
(epstopdf)                    size: 113062 bytes
(epstopdf)             Command: <repstopdf --outfile=Figures/aluminumShiftsPlot
-eps-converted-to.pdf Figures/aluminumShiftsPlot.eps>
(epstopdf)             \includegraphics on input line 7.
Package epstopdf Info: Output file is already uptodate.

<Figures/aluminumShiftsPlot-eps-converted-to.pdf, id=111, 294.09875pt x 184.69p
t>
File: Figures/aluminumShiftsPlot-eps-converted-to.pdf Graphic file (type pdf)
<use Figures/aluminumShiftsPlot-eps-converted-to.pdf>
Package pdftex.def Info: Figures/aluminumShiftsPlot-eps-converted-to.pdf used o
n input line 7.
(pdftex.def)             Requested size: 407.66833pt x 256.0138pt.
Package epstopdf Info: Source file: <Figures/plasticShiftsPlot.eps>
(epstopdf)                    date: 2014-04-12 18:10:28
(epstopdf)                    size: 453652 bytes
(epstopdf)             Output file: <Figures/plasticShiftsPlot-eps-converted-to
.pdf>
(epstopdf)                    date: 2014-04-12 18:10:28
(epstopdf)                    size: 110467 bytes
(epstopdf)             Command: <repstopdf --outfile=Figures/plasticShiftsPlot-
eps-converted-to.pdf Figures/plasticShiftsPlot.eps>
(epstopdf)             \includegraphics on input line 13.
Package epstopdf Info: Output file is already uptodate.

<Figures/plasticShiftsPlot-eps-converted-to.pdf, id=114, 294.09875pt x 182.6825
pt>
File: Figures/plasticShiftsPlot-eps-converted-to.pdf Graphic file (type pdf)
<use Figures/plasticShiftsPlot-eps-converted-to.pdf>
Package pdftex.def Info: Figures/plasticShiftsPlot-eps-converted-to.pdf used on
 input line 13.
(pdftex.def)             Requested size: 407.66833pt x 253.23103pt.
Package epstopdf Info: Source file: <Figures/R_E_Error_ComparisonFull.eps>
(epstopdf)                    date: 2014-04-12 18:10:28
(epstopdf)                    size: 181712 bytes
(epstopdf)             Output file: <Figures/R_E_Error_ComparisonFull-eps-conve
rted-to.pdf>
(epstopdf)                    date: 2014-04-12 18:10:28
(epstopdf)                    size: 14210 bytes
(epstopdf)             Command: <repstopdf --outfile=Figures/R_E_Error_Comparis
onFull-eps-converted-to.pdf Figures/R_E_Error_ComparisonFull.eps>
(epstopdf)             \includegraphics on input line 52.
Package epstopdf Info: Output file is already uptodate.

<Figures/R_E_Error_ComparisonFull-eps-converted-to.pdf, id=120, 262.9825pt x 20
8.78pt>
File: Figures/R_E_Error_ComparisonFull-eps-converted-to.pdf Graphic file (type 
pdf)
<use Figures/R_E_Error_ComparisonFull-eps-converted-to.pdf>
Package pdftex.def Info: Figures/R_E_Error_ComparisonFull-eps-converted-to.pdf 
used on input line 52.
(pdftex.def)             Requested size: 362.37569pt x 287.69934pt.
Package epstopdf Info: Source file: <Figures/R_E_Error_ComparisonFullZoomIn.eps
>
(epstopdf)                    date: 2014-04-12 18:10:28
(epstopdf)                    size: 155903 bytes
(epstopdf)             Output file: <Figures/R_E_Error_ComparisonFullZoomIn-eps
-converted-to.pdf>
(epstopdf)                    date: 2014-04-12 18:10:28
(epstopdf)                    size: 13067 bytes
(epstopdf)             Command: <repstopdf --outfile=Figures/R_E_Error_Comparis
onFullZoomIn-eps-converted-to.pdf Figures/R_E_Error_ComparisonFullZoomIn.eps>
(epstopdf)             \includegraphics on input line 58.
Package epstopdf Info: Output file is already uptodate.

<Figures/R_E_Error_ComparisonFullZoomIn-eps-converted-to.pdf, id=121, 262.9825p
t x 210.7875pt>
File: Figures/R_E_Error_ComparisonFullZoomIn-eps-converted-to.pdf Graphic file 
(type pdf)
<use Figures/R_E_Error_ComparisonFullZoomIn-eps-converted-to.pdf>
Package pdftex.def Info: Figures/R_E_Error_ComparisonFullZoomIn-eps-converted-t
o.pdf used on input line 58.
(pdftex.def)             Requested size: 362.37569pt x 290.46573pt.
) (./Sections/DiscussionAndConclusion.tex [5] [6 <./Figures/aluminumShiftsPlot-
eps-converted-to.pdf>] [7 <./Figures/plasticShiftsPlot-eps-converted-to.pdf>] [
8 <./Figures/R_E_Error_ComparisonFull-eps-converted-to.pdf>] [9 <./Figures/R_E_
Error_ComparisonFullZoomIn-eps-converted-to.pdf>]) [10] (./.Atomic_Nucleus.bbl)
Package atveryend Info: Empty hook `BeforeClearDocument' on input line 61.
[11]
Package atveryend Info: Empty hook `AfterLastShipout' on input line 61.
(./.Atomic_Nucleus.aux)
Package atveryend Info: Executing hook `AtVeryEndDocument' on input line 61.
Package atveryend Info: Executing hook `AtEndAfterFileList' on input line 61.
Package rerunfilecheck Info: File `.Atomic_Nucleus.out' has not changed.
(rerunfilecheck)             Checksum: 08ECAE27BA7C060BCDD6275E9D4EFEA9;760.
Package atveryend Info: Empty hook `AtVeryVeryEnd' on input line 61.
 ) 
Here is how much of TeX's memory you used:
 796 strings out of 483756
 13032 string characters out of 6006872
 232328 words of memory out of 5000000
 13639 multiletter control sequences out of 15000+600000
 10765 words of font info for 38 fonts, out of 8000000 for 9000
 957 hyphenation exceptions out of 8191
 28i,14n,34p,1313b,389s stack positions out of 5000i,500n,10000p,200000b,80000s
</usr/local/texlive/2013/texmf-dist/fonts/type1/public/amsfonts/cm/cmbx12.pfb
></usr/local/texlive/2013/texmf-dist/fonts/type1/public/amsfonts/cm/cmcsc10.pfb
></usr/local/texlive/2013/texmf-dist/fonts/type1/public/amsfonts/cm/cmex10.pfb>
</usr/local/texlive/2013/texmf-dist/fonts/type1/public/amsfonts/cm/cmmi12.pfb><
/usr/local/texlive/2013/texmf-dist/fonts/type1/public/amsfonts/cm/cmmi8.pfb></u
sr/local/texlive/2013/texmf-dist/fonts/type1/public/amsfonts/cm/cmr12.pfb></usr
/local/texlive/2013/texmf-dist/fonts/type1/public/amsfonts/cm/cmr6.pfb></usr/lo
cal/texlive/2013/texmf-dist/fonts/type1/public/amsfonts/cm/cmr8.pfb></usr/local
/texlive/2013/texmf-dist/fonts/type1/public/amsfonts/cm/cmsy10.pfb></usr/local/
texlive/2013/texmf-dist/fonts/type1/public/amsfonts/cm/cmsy8.pfb></usr/local/te
xlive/2013/texmf-dist/fonts/type1/public/amsfonts/cm/cmti12.pfb>
Output written on .Atomic_Nucleus.pdf (12 pages, 411406 bytes).
PDF statistics:
 287 PDF objects out of 1000 (max. 8388607)
 232 compressed objects within 3 object streams
 48 named destinations out of 1000 (max. 500000)
 89 words of extra memory for PDF output out of 10000 (max. 10000000)

